2022/02/04 18:21:44 {"callers":["D:/Study/GoLang/Works/src/snai.travel.blog/main.go: 24 main.init.0"],"level":"info","message":"eddycjy: go-programming-tour-book/blog-service","time":1643970104099305700}
2022/03/08 00:47:38 {"callers":["D:/Study/GoLang/Works/src/snai.travel.blog/main.go: 24 main.init.0"],"level":"info","message":"eddycjy: go-programming-tour-book/blog-service","time":1646671658235854200}
2022/03/08 01:00:40 {"callers":["D:/Study/GoLang/Works/src/snai.travel.blog/main.go: 24 main.init.0"],"level":"info","message":"eddycjy: go-programming-tour-book/blog-service","time":1646672440535033200}
2022/03/08 18:53:13 {"callers":["D:/MyData/学习资料/Go/Works/src/snai.travel.blog/main.go: 24 main.init.0"],"level":"info","message":"eddycjy: go-programming-tour-book/blog-service","time":1646736793968842300}
2022/03/28 21:18:41 {"callers":["D:/MyData/学习资料/Go/Works/src/snai.travel.blog/main.go: 24 main.init.0"],"level":"info","message":"eddycjy: go-programming-tour-book/blog-service","time":1648473521966515800}
2022/03/28 21:22:30 {"callers":["D:/MyData/学习资料/Go/Works/src/snai.travel.blog/main.go: 24 main.init.0"],"level":"info","message":"eddycjy: go-programming-tour-book/blog-service","time":1648473750488234400}
2022/03/28 21:23:48 {"callers":["D:/MyData/学习资料/Go/Works/src/snai.travel.blog/main.go: 24 main.init.0"],"level":"error","message":"app.BindAndValid errs:State必须是[0 1]中的一个","time":1648473828276053900}
2023/04/07 18:29:19 {"callers":["D:/go/works/src/snai.travel.blog/main.go: 24 main.init.0"],"level":"info","message":"eddycjy: go-programming-tour-book/blog-service","time":1680863359590511700}
2023/04/07 18:46:56 {"callers":["D:/go/works/src/snai.travel.blog/main.go: 24 main.init.0"],"level":"error","message":"app.BindAndValid errs: Name长度必须至少为3个字符","time":1680864416305442300}
2023/04/07 18:48:23 {"callers":["D:/go/works/src/snai.travel.blog/main.go: 24 main.init.0"],"level":"info","message":"eddycjy: go-programming-tour-book/blog-service","time":1680864503589355200}
2023/04/07 18:54:17 {"callers":["D:/go/works/src/snai.travel.blog/main.go: 24 main.init.0"],"level":"error","message":"app.BindAndValid errs: Name长度必须至少为3个字符,State为必填字段,ModifiedBy为必填字段","time":1680864857559465600}
2023/04/07 18:56:44 {"callers":["D:/go/works/src/snai.travel.blog/main.go: 24 main.init.0"],"level":"error","message":"app.BindAndValid errs: State为必填字段,ModifiedBy为必填字段,ID为必填字段,Name长度必须至少为3个字符","time":1680865004611065500}
2023/04/07 18:57:00 {"callers":["D:/go/works/src/snai.travel.blog/main.go: 24 main.init.0"],"level":"error","message":"app.BindAndValid errs: Name长度必须至少为3个字符,State为必填字段,ModifiedBy为必填字段","time":1680865020039559600}
2023/04/07 18:59:19 {"callers":["D:/go/works/src/snai.travel.blog/main.go: 24 main.init.0"],"level":"error","message":"app.BindAndValid errs: Name长度必须至少为3个字符,State为必填字段,ModifiedBy为必填字段","time":1680865159093157900}
2023/04/07 19:06:16 {"callers":["D:/go/works/src/snai.travel.blog/main.go: 24 main.init.0"],"level":"error","message":"app.BindAndValid errs: Name长度必须至少为3个字符,State为必填字段,ModifiedBy为必填字段","time":1680865576096937300}
2023/04/07 19:06:30 {"callers":["D:/go/works/src/snai.travel.blog/main.go: 24 main.init.0"],"level":"error","message":"app.BindAndValid errs: Name长度必须至少为3个字符,State为必填字段,ModifiedBy为必填字段","time":1680865590129926000}
2023/04/07 19:10:16 {"callers":["D:/go/works/src/snai.travel.blog/main.go: 24 main.init.0"],"level":"info","message":"eddycjy: go-programming-tour-book/blog-service","time":1680865816250805600}
2023/04/07 19:10:29 {"callers":["D:/go/works/src/snai.travel.blog/main.go: 24 main.init.0"],"level":"error","message":"app.BindAndValid errs: ModifiedBy为必填字段","time":1680865829309033100}
2023/04/07 19:10:58 {"callers":["D:/go/works/src/snai.travel.blog/main.go: 24 main.init.0"],"level":"error","message":"app.BindAndValid errs: ModifiedBy为必填字段","time":1680865858166688500}
2023/04/07 19:12:16 {"callers":["D:/go/works/src/snai.travel.blog/main.go: 24 main.init.0"],"level":"info","message":"eddycjy: go-programming-tour-book/blog-service","time":1680865936946103000}
2023/04/07 19:13:28 {"callers":["D:/go/works/src/snai.travel.blog/main.go: 24 main.init.0"],"level":"error","message":"svc.DeleteTag err: Error 1064: You have an error in your SQL syntax; check the manual that corresponds to your MySQL server version for the right syntax to use near '' at line 1","time":1680866008427100900}
2023/04/07 19:19:59 {"callers":["D:/go/works/src/snai.travel.blog/main.go: 24 main.init.0"],"level":"info","message":"eddycjy: go-programming-tour-book/blog-service","time":1680866399233179500}
2023/04/07 19:20:15 {"callers":["D:/go/works/src/snai.travel.blog/main.go: 24 main.init.0"],"level":"error","message":"svc.DeleteTag err: Error 1064: You have an error in your SQL syntax; check the manual that corresponds to your MySQL server version for the right syntax to use near '' at line 1","time":1680866415244647000}
2023/04/07 19:22:17 {"callers":["D:/go/works/src/snai.travel.blog/main.go: 24 main.init.0"],"level":"info","message":"eddycjy: go-programming-tour-book/blog-service","time":1680866537727635000}
2023/04/07 19:22:23 {"callers":["D:/go/works/src/snai.travel.blog/main.go: 24 main.init.0"],"level":"error","message":"svc.DeleteTag err: Error 1064: You have an error in your SQL syntax; check the manual that corresponds to your MySQL server version for the right syntax to use near '' at line 1","time":1680866543779423700}
2023/04/07 19:24:14 {"callers":["D:/go/works/src/snai.travel.blog/main.go: 24 main.init.0"],"level":"info","message":"eddycjy: go-programming-tour-book/blog-service","time":1680866654717873000}
2023/04/07 19:24:31 {"callers":["D:/go/works/src/snai.travel.blog/main.go: 24 main.init.0"],"level":"error","message":"svc.DeleteTag err: Error 1064: You have an error in your SQL syntax; check the manual that corresponds to your MySQL server version for the right syntax to use near '' at line 1","time":1680866671296622200}
2023/04/07 19:28:42 {"callers":["D:/go/works/src/snai.travel.blog/main.go: 24 main.init.0"],"level":"info","message":"eddycjy: go-programming-tour-book/blog-service","time":1680866922888569600}
2023/04/07 19:28:48 {"callers":["D:/go/works/src/snai.travel.blog/main.go: 24 main.init.0"],"level":"error","message":"svc.DeleteTag err: Error 1064: You have an error in your SQL syntax; check the manual that corresponds to your MySQL server version for the right syntax to use near '' at line 1","time":1680866928956117100}
2023/04/07 19:36:08 {"callers":["D:/go/works/src/snai.travel.blog/main.go: 24 main.init.0"],"level":"info","message":"eddycjy: go-programming-tour-book/blog-service","time":1680867368309205800}
2023/04/07 20:46:00 {"callers":["D:/go/works/src/snai.travel.blog/main.go: 24 main.init.0"],"level":"info","message":"eddycjy: go-programming-tour-book/blog-service","time":1680871560600542800}
2023/04/07 20:48:54 {"callers":["D:/go/works/src/snai.travel.blog/main.go: 24 main.init.0"],"level":"info","message":"eddycjy: go-programming-tour-book/blog-service","time":1680871734438485600}
